2024-11-06T12:23:36.083+01:00  INFO 21084 --- [ancientdata] [main] c.w.ancientdata.AncientdataApplication   : Starting AncientdataApplication using Java 17.0.5 with PID 21084 (C:\Users\Rinse Willet\Desktop\WEBGISdev\build\classes\java\main started by Rinse Willet in C:\Users\Rinse Willet\Desktop\WEBGISdev)
2024-11-06T12:23:36.091+01:00  INFO 21084 --- [ancientdata] [main] c.w.ancientdata.AncientdataApplication   : No active profile set, falling back to 1 default profile: "default"
2024-11-06T12:23:36.894+01:00  INFO 21084 --- [ancientdata] [main] .s.d.r.c.RepositoryConfigurationDelegate : Bootstrapping Spring Data JPA repositories in DEFAULT mode.
2024-11-06T12:23:36.969+01:00  INFO 21084 --- [ancientdata] [main] .s.d.r.c.RepositoryConfigurationDelegate : Finished Spring Data repository scanning in 61 ms. Found 3 JPA repository interfaces.
2024-11-06T12:23:37.697+01:00  INFO 21084 --- [ancientdata] [main] o.s.b.w.embedded.tomcat.TomcatWebServer  : Tomcat initialized with port 8080 (http)
2024-11-06T12:23:37.712+01:00  INFO 21084 --- [ancientdata] [main] o.apache.catalina.core.StandardService   : Starting service [Tomcat]
2024-11-06T12:23:37.713+01:00  INFO 21084 --- [ancientdata] [main] o.apache.catalina.core.StandardEngine    : Starting Servlet engine: [Apache Tomcat/10.1.25]
2024-11-06T12:23:37.804+01:00  INFO 21084 --- [ancientdata] [main] o.a.c.c.C.[Tomcat].[localhost].[/]       : Initializing Spring embedded WebApplicationContext
2024-11-06T12:23:37.804+01:00  INFO 21084 --- [ancientdata] [main] w.s.c.ServletWebServerApplicationContext : Root WebApplicationContext: initialization completed in 1657 ms
2024-11-06T12:23:38.176+01:00  INFO 21084 --- [ancientdata] [main] o.hibernate.jpa.internal.util.LogHelper  : HHH000204: Processing PersistenceUnitInfo [name: default]
2024-11-06T12:23:38.301+01:00  INFO 21084 --- [ancientdata] [main] org.hibernate.Version                    : HHH000412: Hibernate ORM core version 6.5.2.Final
2024-11-06T12:23:38.316+01:00  INFO 21084 --- [ancientdata] [main] o.h.spatial.integration.SpatialService   : HHH80000001: hibernate-spatial integration enabled : true
2024-11-06T12:23:38.355+01:00  INFO 21084 --- [ancientdata] [main] o.h.c.internal.RegionFactoryInitiator    : HHH000026: Second-level cache disabled
2024-11-06T12:23:38.478+01:00  INFO 21084 --- [ancientdata] [main] com.zaxxer.hikari.HikariDataSource       : HikariPool-1 - Starting...
2024-11-06T12:23:39.327+01:00  INFO 21084 --- [ancientdata] [main] com.zaxxer.hikari.pool.HikariPool        : HikariPool-1 - Added connection org.postgresql.jdbc.PgConnection@48bc2fce
2024-11-06T12:23:39.329+01:00  INFO 21084 --- [ancientdata] [main] com.zaxxer.hikari.HikariDataSource       : HikariPool-1 - Start completed.
2024-11-06T12:23:39.501+01:00  WARN 21084 --- [ancientdata] [main] org.hibernate.orm.deprecation            : HHH90000025: PostgreSQLDialect does not need to be specified explicitly using 'hibernate.dialect' (remove the property setting and it will be selected by default)
2024-11-06T12:23:39.575+01:00  INFO 21084 --- [ancientdata] [main] org.hibernate.spatial                    : HHH80000003: hibernate-spatial adding type contributions from : org.hibernate.spatial.dialect.postgis.PostgisDialectContributor
2024-11-06T12:23:39.839+01:00  INFO 21084 --- [ancientdata] [main] o.s.o.j.p.SpringPersistenceUnitInfo      : No LoadTimeWeaver setup: ignoring JPA class transformer
2024-11-06T12:23:39.879+01:00  INFO 21084 --- [ancientdata] [main] org.hibernate.spatial                    : HHH80000003: hibernate-spatial adding type contributions from : org.hibernate.spatial.dialect.postgis.PostgisDialectContributor
2024-11-06T12:23:40.362+01:00  INFO 21084 --- [ancientdata] [main] org.hibernate.spatial                    : HHH80000004: hibernate-spatial adding function contributions from : org.hibernate.spatial.dialect.postgis.PostgisDialectContributor
2024-11-06T12:23:41.255+01:00  INFO 21084 --- [ancientdata] [main] o.h.e.t.j.p.i.JtaPlatformInitiator       : HHH000489: No JTA platform available (set 'hibernate.transaction.jta.platform' to enable JTA platform integration)
2024-11-06T12:23:41.452+01:00  INFO 21084 --- [ancientdata] [main] j.LocalContainerEntityManagerFactoryBean : Initialized JPA EntityManagerFactory for persistence unit 'default'
2024-11-06T12:23:41.794+01:00  WARN 21084 --- [ancientdata] [main] JpaBaseConfiguration$JpaWebConfiguration : spring.jpa.open-in-view is enabled by default. Therefore, database queries may be performed during view rendering. Explicitly configure spring.jpa.open-in-view to disable this warning
2024-11-06T12:23:41.827+01:00  INFO 21084 --- [ancientdata] [main] o.s.b.a.w.s.WelcomePageHandlerMapping    : Adding welcome page: class path resource [static/index.html]
2024-11-06T12:23:42.416+01:00  INFO 21084 --- [ancientdata] [main] o.s.b.w.embedded.tomcat.TomcatWebServer  : Tomcat started on port 8080 (http) with context path '/'
2024-11-06T12:23:42.431+01:00  INFO 21084 --- [ancientdata] [main] c.w.ancientdata.AncientdataApplication   : Started AncientdataApplication in 6.808 seconds (process running for 7.25)
2024-11-06T12:23:51.067+01:00  INFO 21084 --- [ancientdata] [http-nio-8080-exec-1] o.a.c.c.C.[Tomcat].[localhost].[/]       : Initializing Spring DispatcherServlet 'dispatcherServlet'
2024-11-06T12:23:51.068+01:00  INFO 21084 --- [ancientdata] [http-nio-8080-exec-1] o.s.web.servlet.DispatcherServlet        : Initializing Servlet 'dispatcherServlet'
2024-11-06T12:23:51.069+01:00  INFO 21084 --- [ancientdata] [http-nio-8080-exec-1] o.s.web.servlet.DispatcherServlet        : Completed initialization in 1 ms
2024-11-06T12:23:53.189+01:00  INFO 21084 --- [ancientdata] [http-nio-8080-exec-8] c.webgis.ancientdata.road.RoadService    : Finding all roads
2024-11-06T12:23:53.189+01:00  INFO 21084 --- [ancientdata] [http-nio-8080-exec-7] c.webgis.ancientdata.site.SiteService    : Finding all sites
2024-11-06T12:23:59.448+01:00  INFO 21084 --- [ancientdata] [http-nio-8080-exec-9] c.webgis.ancientdata.road.RoadService    : find road id : 5000
2024-11-06T20:36:02.461+01:00  INFO 25148 --- [ancientdata] [main] c.w.ancientdata.AncientdataApplication   : Starting AncientdataApplication using Java 17.0.5 with PID 25148 (C:\Users\Rinse Willet\Desktop\WEBGISdev\build\classes\java\main started by Rinse Willet in C:\Users\Rinse Willet\Desktop\WEBGISdev)
2024-11-06T20:36:02.465+01:00  INFO 25148 --- [ancientdata] [main] c.w.ancientdata.AncientdataApplication   : No active profile set, falling back to 1 default profile: "default"
2024-11-06T20:36:03.167+01:00  INFO 25148 --- [ancientdata] [main] .s.d.r.c.RepositoryConfigurationDelegate : Bootstrapping Spring Data JPA repositories in DEFAULT mode.
2024-11-06T20:36:03.236+01:00  INFO 25148 --- [ancientdata] [main] .s.d.r.c.RepositoryConfigurationDelegate : Finished Spring Data repository scanning in 52 ms. Found 3 JPA repository interfaces.
2024-11-06T20:36:03.828+01:00  INFO 25148 --- [ancientdata] [main] o.s.b.w.embedded.tomcat.TomcatWebServer  : Tomcat initialized with port 8080 (http)
2024-11-06T20:36:03.840+01:00  INFO 25148 --- [ancientdata] [main] o.apache.catalina.core.StandardService   : Starting service [Tomcat]
2024-11-06T20:36:03.840+01:00  INFO 25148 --- [ancientdata] [main] o.apache.catalina.core.StandardEngine    : Starting Servlet engine: [Apache Tomcat/10.1.25]
2024-11-06T20:36:03.919+01:00  INFO 25148 --- [ancientdata] [main] o.a.c.c.C.[Tomcat].[localhost].[/]       : Initializing Spring embedded WebApplicationContext
2024-11-06T20:36:03.919+01:00  INFO 25148 --- [ancientdata] [main] w.s.c.ServletWebServerApplicationContext : Root WebApplicationContext: initialization completed in 1404 ms
2024-11-06T20:36:04.200+01:00  INFO 25148 --- [ancientdata] [main] o.hibernate.jpa.internal.util.LogHelper  : HHH000204: Processing PersistenceUnitInfo [name: default]
2024-11-06T20:36:04.311+01:00  INFO 25148 --- [ancientdata] [main] org.hibernate.Version                    : HHH000412: Hibernate ORM core version 6.5.2.Final
2024-11-06T20:36:04.322+01:00  INFO 25148 --- [ancientdata] [main] o.h.spatial.integration.SpatialService   : HHH80000001: hibernate-spatial integration enabled : true
2024-11-06T20:36:04.359+01:00  INFO 25148 --- [ancientdata] [main] o.h.c.internal.RegionFactoryInitiator    : HHH000026: Second-level cache disabled
2024-11-06T20:36:04.467+01:00  INFO 25148 --- [ancientdata] [main] com.zaxxer.hikari.HikariDataSource       : HikariPool-1 - Starting...
2024-11-06T20:36:04.834+01:00  INFO 25148 --- [ancientdata] [main] com.zaxxer.hikari.pool.HikariPool        : HikariPool-1 - Added connection org.postgresql.jdbc.PgConnection@6806468e
2024-11-06T20:36:04.835+01:00  INFO 25148 --- [ancientdata] [main] com.zaxxer.hikari.HikariDataSource       : HikariPool-1 - Start completed.
2024-11-06T20:36:04.894+01:00  WARN 25148 --- [ancientdata] [main] org.hibernate.orm.deprecation            : HHH90000025: PostgreSQLDialect does not need to be specified explicitly using 'hibernate.dialect' (remove the property setting and it will be selected by default)
2024-11-06T20:36:04.966+01:00  INFO 25148 --- [ancientdata] [main] org.hibernate.spatial                    : HHH80000003: hibernate-spatial adding type contributions from : org.hibernate.spatial.dialect.postgis.PostgisDialectContributor
2024-11-06T20:36:05.206+01:00  INFO 25148 --- [ancientdata] [main] o.s.o.j.p.SpringPersistenceUnitInfo      : No LoadTimeWeaver setup: ignoring JPA class transformer
2024-11-06T20:36:05.232+01:00  INFO 25148 --- [ancientdata] [main] org.hibernate.spatial                    : HHH80000003: hibernate-spatial adding type contributions from : org.hibernate.spatial.dialect.postgis.PostgisDialectContributor
2024-11-06T20:36:05.559+01:00  INFO 25148 --- [ancientdata] [main] org.hibernate.spatial                    : HHH80000004: hibernate-spatial adding function contributions from : org.hibernate.spatial.dialect.postgis.PostgisDialectContributor
2024-11-06T20:36:06.086+01:00  INFO 25148 --- [ancientdata] [main] o.h.e.t.j.p.i.JtaPlatformInitiator       : HHH000489: No JTA platform available (set 'hibernate.transaction.jta.platform' to enable JTA platform integration)
2024-11-06T20:36:06.273+01:00  INFO 25148 --- [ancientdata] [main] j.LocalContainerEntityManagerFactoryBean : Initialized JPA EntityManagerFactory for persistence unit 'default'
2024-11-06T20:36:06.530+01:00  WARN 25148 --- [ancientdata] [main] JpaBaseConfiguration$JpaWebConfiguration : spring.jpa.open-in-view is enabled by default. Therefore, database queries may be performed during view rendering. Explicitly configure spring.jpa.open-in-view to disable this warning
2024-11-06T20:36:06.550+01:00  INFO 25148 --- [ancientdata] [main] o.s.b.a.w.s.WelcomePageHandlerMapping    : Adding welcome page: class path resource [static/index.html]
2024-11-06T20:36:06.930+01:00  INFO 25148 --- [ancientdata] [main] o.s.b.w.embedded.tomcat.TomcatWebServer  : Tomcat started on port 8080 (http) with context path '/'
2024-11-06T20:36:06.941+01:00  INFO 25148 --- [ancientdata] [main] c.w.ancientdata.AncientdataApplication   : Started AncientdataApplication in 4.888 seconds (process running for 5.281)
2024-11-06T20:39:11.828+01:00  INFO 25148 --- [ancientdata] [http-nio-8080-exec-1] o.a.c.c.C.[Tomcat].[localhost].[/]       : Initializing Spring DispatcherServlet 'dispatcherServlet'
2024-11-06T20:39:11.829+01:00  INFO 25148 --- [ancientdata] [http-nio-8080-exec-1] o.s.web.servlet.DispatcherServlet        : Initializing Servlet 'dispatcherServlet'
2024-11-06T20:39:11.829+01:00  INFO 25148 --- [ancientdata] [http-nio-8080-exec-1] o.s.web.servlet.DispatcherServlet        : Completed initialization in 0 ms
2024-11-06T20:39:11.867+01:00  INFO 25148 --- [ancientdata] [http-nio-8080-exec-1] c.webgis.ancientdata.site.SiteService    : find site id : 130
2024-11-06T20:39:19.319+01:00  INFO 25148 --- [ancientdata] [http-nio-8080-exec-4] c.webgis.ancientdata.site.SiteService    : Finding all sites
2024-11-06T21:02:43.471+01:00  INFO 25148 --- [ancientdata] [http-nio-8080-exec-6] c.webgis.ancientdata.road.RoadService    : Finding all roads
2024-11-06T21:02:43.471+01:00  INFO 25148 --- [ancientdata] [http-nio-8080-exec-7] c.webgis.ancientdata.site.SiteService    : Finding all sites
2024-11-06T21:02:43.665+01:00  INFO 25148 --- [ancientdata] [http-nio-8080-exec-8] c.webgis.ancientdata.site.SiteService    : Finding all sites
2024-11-06T21:02:43.787+01:00  INFO 25148 --- [ancientdata] [http-nio-8080-exec-9] c.webgis.ancientdata.road.RoadService    : Finding all roads
2024-11-06T21:04:30.009+01:00  INFO 25148 --- [ancientdata] [http-nio-8080-exec-4] c.webgis.ancientdata.road.RoadService    : Finding all roads
2024-11-06T21:04:30.009+01:00  INFO 25148 --- [ancientdata] [http-nio-8080-exec-3] c.webgis.ancientdata.site.SiteService    : Finding all sites
2024-11-06T21:04:30.161+01:00  INFO 25148 --- [ancientdata] [http-nio-8080-exec-5] c.webgis.ancientdata.site.SiteService    : Finding all sites
2024-11-06T21:04:30.307+01:00  INFO 25148 --- [ancientdata] [http-nio-8080-exec-7] c.webgis.ancientdata.road.RoadService    : Finding all roads
